[2025-11-20T21:30:27.138+0000] {local_task_job_runner.py:120} INFO - ::group::Pre task execution logs
[2025-11-20T21:30:27.288+0000] {taskinstance.py:2076} INFO - Dependencies all met for dep_context=non-requeueable deps ti=<TaskInstance: tutorial_dag.diga_ola manual__2025-11-20T21:30:25.429465+00:00 [queued]>
[2025-11-20T21:30:27.314+0000] {taskinstance.py:2076} INFO - Dependencies all met for dep_context=requeueable deps ti=<TaskInstance: tutorial_dag.diga_ola manual__2025-11-20T21:30:25.429465+00:00 [queued]>
[2025-11-20T21:30:27.318+0000] {taskinstance.py:2306} INFO - Starting attempt 1 of 1
[2025-11-20T21:30:27.352+0000] {taskinstance.py:2330} INFO - Executing <Task(BashOperator): diga_ola> on 2025-11-20 21:30:25.429465+00:00
[2025-11-20T21:30:27.383+0000] {standard_task_runner.py:90} INFO - Running: ['airflow', 'tasks', 'run', 'tutorial_dag', 'diga_ola', 'manual__2025-11-20T21:30:25.429465+00:00', '--job-id', '5', '--raw', '--subdir', 'DAGS_FOLDER/tutorial_dag.py', '--cfg-path', '/tmp/tmp49o9tb1y']
[2025-11-20T21:30:27.393+0000] {standard_task_runner.py:91} INFO - Job 5: Subtask diga_ola
[2025-11-20T21:30:27.393+0000] {logging_mixin.py:188} WARNING - /home/airflow/.local/lib/python3.12/site-packages/airflow/task/task_runner/standard_task_runner.py:62 DeprecationWarning: This process (pid=1945) is multi-threaded, use of fork() may lead to deadlocks in the child.
[2025-11-20T21:30:27.396+0000] {standard_task_runner.py:64} INFO - Started process 1946 to run task
[2025-11-20T21:30:27.536+0000] {task_command.py:426} INFO - Running <TaskInstance: tutorial_dag.diga_ola manual__2025-11-20T21:30:25.429465+00:00 [running]> on host 7232052e2db3
[2025-11-20T21:30:27.812+0000] {taskinstance.py:2648} INFO - Exporting env vars: AIRFLOW_CTX_DAG_OWNER='airflow' AIRFLOW_CTX_DAG_ID='tutorial_dag' AIRFLOW_CTX_TASK_ID='diga_ola' AIRFLOW_CTX_EXECUTION_DATE='2025-11-20T21:30:25.429465+00:00' AIRFLOW_CTX_TRY_NUMBER='1' AIRFLOW_CTX_DAG_RUN_ID='manual__2025-11-20T21:30:25.429465+00:00'
[2025-11-20T21:30:27.814+0000] {taskinstance.py:430} INFO - ::endgroup::
[2025-11-20T21:30:27.858+0000] {subprocess.py:63} INFO - Tmp dir root location: /tmp
[2025-11-20T21:30:27.861+0000] {subprocess.py:75} INFO - Running command: ['/usr/bin/bash', '-c', "echo 'Olá, Airflow funcionando!'"]
[2025-11-20T21:30:27.894+0000] {subprocess.py:86} INFO - Output:
[2025-11-20T21:30:27.904+0000] {subprocess.py:93} INFO - Olá, Airflow funcionando!
[2025-11-20T21:30:27.905+0000] {subprocess.py:97} INFO - Command exited with return code 0
[2025-11-20T21:30:27.907+0000] {taskinstance.py:441} INFO - ::group::Post task execution logs
[2025-11-20T21:30:27.976+0000] {taskinstance.py:1206} INFO - Marking task as SUCCESS. dag_id=tutorial_dag, task_id=diga_ola, run_id=manual__2025-11-20T21:30:25.429465+00:00, execution_date=20251120T213025, start_date=20251120T213027, end_date=20251120T213027
[2025-11-20T21:30:28.060+0000] {local_task_job_runner.py:243} INFO - Task exited with return code 0
[2025-11-20T21:30:28.100+0000] {taskinstance.py:3503} INFO - 0 downstream tasks scheduled from follow-on schedule check
[2025-11-20T21:30:28.126+0000] {local_task_job_runner.py:222} INFO - ::endgroup::
